<?xml version="1.0" encoding="UTF-8"?>
<!-- Generated by org.testng.reporters.JUnitReportReporter -->
<testsuite hostname="AZ-HYD-LPT-04" failures="0" tests="9" name="Customer_ListPage_ActionsDesign_Sprint_1_803168.TC_001" time="33.624" errors="0" timestamp="2024-04-04T08:41:50 IST" skipped="0">
  <testcase classname="Customer_ListPage_ActionsDesign_Sprint_1_803168.TC_001" name="login" time="5.556"/>
  <testcase classname="Customer_ListPage_ActionsDesign_Sprint_1_803168.TC_001" name="login" time="5.354"/>
  <testcase classname="Customer_ListPage_ActionsDesign_Sprint_1_803168.TC_001" name="login" time="5.415"/>
  <testcase classname="Customer_ListPage_ActionsDesign_Sprint_1_803168.TC_001" name="customer_Page" time="1.250"/>
  <testcase classname="Customer_ListPage_ActionsDesign_Sprint_1_803168.TC_001" name="customer_Page" time="1.238"/>
  <testcase classname="Customer_ListPage_ActionsDesign_Sprint_1_803168.TC_001" name="customer_Page" time="1.477"/>
  <testcase classname="Customer_ListPage_ActionsDesign_Sprint_1_803168.TC_001" name="action_Button" time="4.465"/>
  <testcase classname="Customer_ListPage_ActionsDesign_Sprint_1_803168.TC_001" name="action_Button" time="4.495"/>
  <testcase classname="Customer_ListPage_ActionsDesign_Sprint_1_803168.TC_001" name="action_Button" time="4.374"/>
</testsuite> <!-- Customer_ListPage_ActionsDesign_Sprint_1_803168.TC_001 -->
