<?xml version="1.0" encoding="UTF-8"?>
<!-- Generated by org.testng.reporters.JUnitReportReporter -->
<testsuite hostname="AZ-HYD-LPT-04" failures="0" tests="1" name="Customer_ListPage_ActionsDesign_Sprint_1_803168.TC_002" time="0.287" errors="0" timestamp="2024-04-04T08:41:50 IST" skipped="0">
  <testcase classname="Customer_ListPage_ActionsDesign_Sprint_1_803168.TC_002" name="action_button_colour_size" time="0.287"/>
</testsuite> <!-- Customer_ListPage_ActionsDesign_Sprint_1_803168.TC_002 -->
