<?xml version="1.0" encoding="UTF-8"?>
<!-- Generated by org.testng.reporters.JUnitReportReporter -->
<testsuite hostname="AZ-HYD-LPT-04" failures="0" tests="2" name="Login.TC_011" time="0.362" errors="0" timestamp="2024-04-03T17:59:46 IST" skipped="0">
  <testcase classname="Login.TC_011" name="forgot_password_link_text_colour" time="0.106"/>
  <testcase classname="Login.TC_011" name="forgot_password_link_text_font_size" time="0.256"/>
</testsuite> <!-- Login.TC_011 -->
