<?xml version="1.0" encoding="UTF-8"?>
<!-- Generated by org.testng.reporters.JUnitReportReporter -->
<testsuite hostname="AZ-HYD-LPT-04" failures="0" tests="2" name="Login.TC_004" time="0.259" errors="0" timestamp="2024-04-03T17:59:46 IST" skipped="0">
  <testcase classname="Login.TC_004" name="validate_username_placeholder" time="0.112"/>
  <testcase classname="Login.TC_004" name="validate_password_placeholder" time="0.147"/>
</testsuite> <!-- Login.TC_004 -->
