<?xml version="1.0" encoding="UTF-8"?>
<!-- Generated by org.testng.reporters.JUnitReportReporter -->
<testsuite hostname="AZ-HYD-LPT-04" failures="0" tests="1" name="Login_Functionality_Frontend_Sprint_2_801776.TC_008" time="0.295" errors="0" timestamp="2024-04-03T21:24:19 IST" skipped="0">
  <testcase classname="Login_Functionality_Frontend_Sprint_2_801776.TC_008" name="Login_with_null_credentials" time="0.295"/>
</testsuite> <!-- Login_Functionality_Frontend_Sprint_2_801776.TC_008 -->
