<?xml version="1.0" encoding="UTF-8"?>
<!-- Generated by org.testng.reporters.JUnitReportReporter -->
<testsuite hostname="AZ-HYD-LPT-04" failures="0" tests="1" name="Login_Functionality_Frontend_Sprint_2_801776.TC_006" time="4.399" errors="0" timestamp="2024-04-03T21:24:19 IST" skipped="0">
  <testcase classname="Login_Functionality_Frontend_Sprint_2_801776.TC_006" name="Login_with_valid_credentials" time="4.399"/>
</testsuite> <!-- Login_Functionality_Frontend_Sprint_2_801776.TC_006 -->
