<?xml version="1.0" encoding="UTF-8"?>
<!-- Generated by org.testng.reporters.JUnitReportReporter -->
<testsuite hostname="AZ-HYD-LPT-04" failures="0" tests="1" name="Login.TC_006" time="0.277" errors="0" timestamp="2024-04-03T17:59:46 IST" skipped="0">
  <testcase classname="Login.TC_006" name="Login_with_valid_credentials" time="0.277"/>
</testsuite> <!-- Login.TC_006 -->
