<?xml version="1.0" encoding="UTF-8"?>
<!-- Generated by org.testng.reporters.JUnitReportReporter -->
<testsuite hostname="AZ-HYD-LPT-04" failures="0" tests="1" name="Login.TC_010" time="0.096" errors="0" timestamp="2024-04-03T17:59:46 IST" skipped="0">
  <testcase classname="Login.TC_010" name="forgot_password" time="0.096"/>
</testsuite> <!-- Login.TC_010 -->
