<?xml version="1.0" encoding="UTF-8"?>
<!-- Generated by org.testng.reporters.JUnitReportReporter -->
<testsuite hostname="AZ-HYD-LPT-04" failures="0" tests="1" name="Login.TC_001" time="0.064" errors="0" timestamp="2024-03-26T12:11:54 IST" skipped="0">
  <testcase classname="Login.TC_001" name="open_URL" time="0.064"/>
</testsuite> <!-- Login.TC_001 -->
